INFO:     Started server process [39465]
INFO:     Waiting for application startup.
INFO:     Application startup complete.
INFO:     Uvicorn running on http://0.0.0.0:8000 (Press CTRL+C to quit)
INFO:     54.251.9.210:0 - "POST /lark/webhook HTTP/1.0" 500 Internal Server Error
ERROR:    Exception in ASGI application
Traceback (most recent call last):
  File "/home/ubuntu/lark-ops-ai/venv/lib/python3.12/site-packages/uvicorn/protocols/http/httptools_impl.py", line 416, in run_asgi
    result = await app(  # type: ignore[func-returns-value]
             ^^^^^^^^^^^^^^^^^^^^^^^^^^^^^^^^^^^^^^^^^^^^^^
  File "/home/ubuntu/lark-ops-ai/venv/lib/python3.12/site-packages/uvicorn/middleware/proxy_headers.py", line 60, in __call__
    return await self.app(scope, receive, send)
           ^^^^^^^^^^^^^^^^^^^^^^^^^^^^^^^^^^^^
  File "/home/ubuntu/lark-ops-ai/venv/lib/python3.12/site-packages/fastapi/applications.py", line 1135, in __call__
    await super().__call__(scope, receive, send)
  File "/home/ubuntu/lark-ops-ai/venv/lib/python3.12/site-packages/starlette/applications.py", line 107, in __call__
    await self.middleware_stack(scope, receive, send)
  File "/home/ubuntu/lark-ops-ai/venv/lib/python3.12/site-packages/starlette/middleware/errors.py", line 186, in __call__
    raise exc
  File "/home/ubuntu/lark-ops-ai/venv/lib/python3.12/site-packages/starlette/middleware/errors.py", line 164, in __call__
    await self.app(scope, receive, _send)
  File "/home/ubuntu/lark-ops-ai/venv/lib/python3.12/site-packages/starlette/middleware/exceptions.py", line 63, in __call__
    await wrap_app_handling_exceptions(self.app, conn)(scope, receive, send)
  File "/home/ubuntu/lark-ops-ai/venv/lib/python3.12/site-packages/starlette/_exception_handler.py", line 53, in wrapped_app
    raise exc
  File "/home/ubuntu/lark-ops-ai/venv/lib/python3.12/site-packages/starlette/_exception_handler.py", line 42, in wrapped_app
    await app(scope, receive, sender)
  File "/home/ubuntu/lark-ops-ai/venv/lib/python3.12/site-packages/fastapi/middleware/asyncexitstack.py", line 18, in __call__
    await self.app(scope, receive, send)
  File "/home/ubuntu/lark-ops-ai/venv/lib/python3.12/site-packages/starlette/routing.py", line 716, in __call__
    await self.middleware_stack(scope, receive, send)
  File "/home/ubuntu/lark-ops-ai/venv/lib/python3.12/site-packages/starlette/routing.py", line 736, in app
    await route.handle(scope, receive, send)
  File "/home/ubuntu/lark-ops-ai/venv/lib/python3.12/site-packages/starlette/routing.py", line 290, in handle
    await self.app(scope, receive, send)
  File "/home/ubuntu/lark-ops-ai/venv/lib/python3.12/site-packages/fastapi/routing.py", line 115, in app
    await wrap_app_handling_exceptions(app, request)(scope, receive, send)
  File "/home/ubuntu/lark-ops-ai/venv/lib/python3.12/site-packages/starlette/_exception_handler.py", line 53, in wrapped_app
    raise exc
  File "/home/ubuntu/lark-ops-ai/venv/lib/python3.12/site-packages/starlette/_exception_handler.py", line 42, in wrapped_app
    await app(scope, receive, sender)
  File "/home/ubuntu/lark-ops-ai/venv/lib/python3.12/site-packages/fastapi/routing.py", line 101, in app
    response = await f(request)
               ^^^^^^^^^^^^^^^^
  File "/home/ubuntu/lark-ops-ai/venv/lib/python3.12/site-packages/fastapi/routing.py", line 355, in app
    raw_response = await run_endpoint_function(
                   ^^^^^^^^^^^^^^^^^^^^^^^^^^^^
  File "/home/ubuntu/lark-ops-ai/venv/lib/python3.12/site-packages/fastapi/routing.py", line 243, in run_endpoint_function
    return await dependant.call(**values)
           ^^^^^^^^^^^^^^^^^^^^^^^^^^^^^^
  File "/home/ubuntu/lark-ops-ai/main.py", line 44, in lark_webhook
    event = decrypt_lark_event(body["encrypt"], LARK_ENCRYPT_KEY) if "encrypt" in body else body
            ^^^^^^^^^^^^^^^^^^^^^^^^^^^^^^^^^^^^^^^^^^^^^^^^^^^^^
  File "/home/ubuntu/lark-ops-ai/main.py", line 31, in decrypt_lark_event
    return json.loads(pt[:-pt[-1]].decode())
                      ^^^^^^^^^^^^^^^^^^^^^
UnicodeDecodeError: 'utf-8' codec can't decode byte 0x84 in position 0: invalid start byte
INFO:     52.77.167.223:0 - "POST /lark/webhook HTTP/1.0" 500 Internal Server Error
ERROR:    Exception in ASGI application
Traceback (most recent call last):
  File "/home/ubuntu/lark-ops-ai/venv/lib/python3.12/site-packages/uvicorn/protocols/http/httptools_impl.py", line 416, in run_asgi
    result = await app(  # type: ignore[func-returns-value]
             ^^^^^^^^^^^^^^^^^^^^^^^^^^^^^^^^^^^^^^^^^^^^^^
  File "/home/ubuntu/lark-ops-ai/venv/lib/python3.12/site-packages/uvicorn/middleware/proxy_headers.py", line 60, in __call__
    return await self.app(scope, receive, send)
           ^^^^^^^^^^^^^^^^^^^^^^^^^^^^^^^^^^^^
  File "/home/ubuntu/lark-ops-ai/venv/lib/python3.12/site-packages/fastapi/applications.py", line 1135, in __call__
    await super().__call__(scope, receive, send)
  File "/home/ubuntu/lark-ops-ai/venv/lib/python3.12/site-packages/starlette/applications.py", line 107, in __call__
    await self.middleware_stack(scope, receive, send)
  File "/home/ubuntu/lark-ops-ai/venv/lib/python3.12/site-packages/starlette/middleware/errors.py", line 186, in __call__
    raise exc
  File "/home/ubuntu/lark-ops-ai/venv/lib/python3.12/site-packages/starlette/middleware/errors.py", line 164, in __call__
    await self.app(scope, receive, _send)
  File "/home/ubuntu/lark-ops-ai/venv/lib/python3.12/site-packages/starlette/middleware/exceptions.py", line 63, in __call__
    await wrap_app_handling_exceptions(self.app, conn)(scope, receive, send)
  File "/home/ubuntu/lark-ops-ai/venv/lib/python3.12/site-packages/starlette/_exception_handler.py", line 53, in wrapped_app
    raise exc
  File "/home/ubuntu/lark-ops-ai/venv/lib/python3.12/site-packages/starlette/_exception_handler.py", line 42, in wrapped_app
    await app(scope, receive, sender)
  File "/home/ubuntu/lark-ops-ai/venv/lib/python3.12/site-packages/fastapi/middleware/asyncexitstack.py", line 18, in __call__
    await self.app(scope, receive, send)
  File "/home/ubuntu/lark-ops-ai/venv/lib/python3.12/site-packages/starlette/routing.py", line 716, in __call__
    await self.middleware_stack(scope, receive, send)
  File "/home/ubuntu/lark-ops-ai/venv/lib/python3.12/site-packages/starlette/routing.py", line 736, in app
    await route.handle(scope, receive, send)
  File "/home/ubuntu/lark-ops-ai/venv/lib/python3.12/site-packages/starlette/routing.py", line 290, in handle
    await self.app(scope, receive, send)
  File "/home/ubuntu/lark-ops-ai/venv/lib/python3.12/site-packages/fastapi/routing.py", line 115, in app
    await wrap_app_handling_exceptions(app, request)(scope, receive, send)
  File "/home/ubuntu/lark-ops-ai/venv/lib/python3.12/site-packages/starlette/_exception_handler.py", line 53, in wrapped_app
    raise exc
  File "/home/ubuntu/lark-ops-ai/venv/lib/python3.12/site-packages/starlette/_exception_handler.py", line 42, in wrapped_app
    await app(scope, receive, sender)
  File "/home/ubuntu/lark-ops-ai/venv/lib/python3.12/site-packages/fastapi/routing.py", line 101, in app
    response = await f(request)
               ^^^^^^^^^^^^^^^^
  File "/home/ubuntu/lark-ops-ai/venv/lib/python3.12/site-packages/fastapi/routing.py", line 355, in app
    raw_response = await run_endpoint_function(
                   ^^^^^^^^^^^^^^^^^^^^^^^^^^^^
  File "/home/ubuntu/lark-ops-ai/venv/lib/python3.12/site-packages/fastapi/routing.py", line 243, in run_endpoint_function
    return await dependant.call(**values)
           ^^^^^^^^^^^^^^^^^^^^^^^^^^^^^^
  File "/home/ubuntu/lark-ops-ai/main.py", line 44, in lark_webhook
  File "/home/ubuntu/lark-ops-ai/main.py", line 31, in decrypt_lark_event
    """
        
UnicodeDecodeError: 'utf-8' codec can't decode byte 0x8f in position 0: invalid start byte
INFO:     Shutting down
INFO:     Waiting for application shutdown.
INFO:     Application shutdown complete.
INFO:     Finished server process [39465]
INFO:     Started server process [39488]
INFO:     Waiting for application startup.
INFO:     Application startup complete.
INFO:     Uvicorn running on http://0.0.0.0:8000 (Press CTRL+C to quit)
ERROR:root:Decryption failed: 'utf-8' codec can't decode byte 0xd1 in position 2: invalid continuation byte
INFO:     54.251.9.210:0 - "POST /lark/webhook HTTP/1.0" 200 OK
INFO:     Shutting down
INFO:     Waiting for application shutdown.
INFO:     Application shutdown complete.
INFO:     Finished server process [39488]
INFO:     Started server process [39511]
INFO:     Waiting for application startup.
INFO:     Application startup complete.
INFO:     Uvicorn running on http://0.0.0.0:8000 (Press CTRL+C to quit)
ERROR:root:Decryption failed: 'utf-8' codec can't decode byte 0xc8 in position 0: invalid continuation byte
INFO:     54.251.9.210:0 - "POST /lark/webhook HTTP/1.0" 200 OK
INFO:     Shutting down
INFO:     Waiting for application shutdown.
INFO:     Application shutdown complete.
INFO:     Finished server process [39511]
INFO:     Started server process [39589]
INFO:     Waiting for application startup.
INFO:     Application startup complete.
INFO:     Uvicorn running on http://0.0.0.0:8000 (Press CTRL+C to quit)
INFO:     Shutting down
INFO:     Waiting for application shutdown.
INFO:     Application shutdown complete.
INFO:     Finished server process [39589]
INFO:     Started server process [39613]
INFO:     Waiting for application startup.
INFO:     Application startup complete.
INFO:     Uvicorn running on http://0.0.0.0:8000 (Press CTRL+C to quit)
INFO:root:DEBUG: Using Key: 7nuF... Length: 32
INFO:twilio.http_client:-- BEGIN Twilio API Request --
INFO:twilio.http_client:GET Request: https://api.twilio.com/2010-04-01/Accounts/AC975df059b5a40096c9475d0bd1b0fcd3/OutgoingCallerIds.json
INFO:twilio.http_client:Headers:
INFO:twilio.http_client:Content-Type : application/x-www-form-urlencoded
INFO:twilio.http_client:Accept : application/json
INFO:twilio.http_client:User-Agent : twilio-python/9.9.1 (Linux x86_64) Python/3.12.3
INFO:twilio.http_client:X-Twilio-Client : python-9.9.1
INFO:twilio.http_client:Accept-Charset : utf-8
INFO:twilio.http_client:-- END Twilio API Request --
INFO:twilio.http_client:Response Status Code: 200
INFO:twilio.http_client:Response Headers: {'Content-Type': 'application/json;charset=utf-8', 'Content-Length': '329', 'Connection': 'keep-alive', 'Date': 'Thu, 22 Jan 2026 07:34:19 GMT', 'Content-Encoding': 'gzip', 'Twilio-Concurrent-Requests': '1', 'Twilio-Request-Id': 'RQ9e25a84f09ce4c46e5ae6e11f99598a0', 'Twilio-Request-Duration': '0.048', 'X-Home-Region': 'us1', 'X-API-Domain': 'api.twilio.com', 'Strict-Transport-Security': 'max-age=31536000', 'Vary': 'Accept-Encoding, Origin', 'X-Cache': 'Miss from cloudfront', 'Via': '1.1 68203a043549f8c5af4f3da28709bcf6.cloudfront.net (CloudFront)', 'X-Amz-Cf-Pop': 'SIN2-P11', 'X-Amz-Cf-Id': 'P-69nPw6Gks9SXkIwVVot2rtamPLzC-sgN-5GKnQAcChgdt11ZP6jw==', 'X-Powered-By': 'AT-5000', 'X-Shenanigans': 'none'}
INFO:twilio.http_client:-- BEGIN Twilio API Request --
INFO:twilio.http_client:POST Request: https://api.twilio.com/2010-04-01/Accounts/AC975df059b5a40096c9475d0bd1b0fcd3/Calls.json
INFO:twilio.http_client:Headers:
INFO:twilio.http_client:Content-Type : application/x-www-form-urlencoded
INFO:twilio.http_client:Accept : application/json
INFO:twilio.http_client:User-Agent : twilio-python/9.9.1 (Linux x86_64) Python/3.12.3
INFO:twilio.http_client:X-Twilio-Client : python-9.9.1
INFO:twilio.http_client:Accept-Charset : utf-8
INFO:twilio.http_client:-- END Twilio API Request --
INFO:twilio.http_client:Response Status Code: 201
INFO:twilio.http_client:Response Headers: {'Content-Type': 'application/json;charset=utf-8', 'Content-Length': '2011', 'Connection': 'keep-alive', 'Date': 'Thu, 22 Jan 2026 07:34:19 GMT', 'Location': 'https://call-service.us1.svc.twilio.com/v2/Accounts/CAa4f8b5ab80f997088343c1530ac1ad5d', 'Twilio-Concurrent-Requests': '1', 'Twilio-Request-Id': 'RQ2a36ceb9e1e7fd83a99910c81757b06e', 'Twilio-Request-Duration': '0.084', 'X-Home-Region': 'us1', 'X-API-Domain': 'api.twilio.com', 'Strict-Transport-Security': 'max-age=31536000', 'X-Cache': 'Miss from cloudfront', 'Via': '1.1 68203a043549f8c5af4f3da28709bcf6.cloudfront.net (CloudFront)', 'X-Amz-Cf-Pop': 'SIN2-P11', 'X-Amz-Cf-Id': 'yzm4mzlB5UoQ7pEY2TAUcQF1Ms9l-v29qu9coeGq9uZn7aQ-SB5Apw==', 'X-Powered-By': 'AT-5000', 'X-Shenanigans': 'none', 'Vary': 'Origin'}
Meeting Created: https://vc-sg.larksuite.com/j/882496927
Lark Card Error: 400 - {"code":230099,"msg":"Failed to create card content, ext=ErrCode: 100290; ErrMsg: there is an invalid user resource (at/person) in your card; ErrorValue: ou_05963212003884852c038f9730f0f37c; ","error":{"log_id":"202601221534185736C6BF529C8E487112"}}
📞 Calling +639296694545
INFO:     54.251.9.210:0 - "POST /lark/webhook HTTP/1.0" 200 OK
INFO:root:DEBUG: Using Key: 7nuF... Length: 32
INFO:twilio.http_client:-- BEGIN Twilio API Request --
INFO:twilio.http_client:GET Request: https://api.twilio.com/2010-04-01/Accounts/AC975df059b5a40096c9475d0bd1b0fcd3/OutgoingCallerIds.json
INFO:twilio.http_client:Headers:
INFO:twilio.http_client:Content-Type : application/x-www-form-urlencoded
INFO:twilio.http_client:Accept : application/json
INFO:twilio.http_client:User-Agent : twilio-python/9.9.1 (Linux x86_64) Python/3.12.3
INFO:twilio.http_client:X-Twilio-Client : python-9.9.1
INFO:twilio.http_client:Accept-Charset : utf-8
INFO:twilio.http_client:-- END Twilio API Request --
INFO:twilio.http_client:Response Status Code: 200
INFO:twilio.http_client:Response Headers: {'Content-Type': 'application/json;charset=utf-8', 'Content-Length': '329', 'Connection': 'keep-alive', 'Date': 'Thu, 22 Jan 2026 07:37:15 GMT', 'Content-Encoding': 'gzip', 'Twilio-Concurrent-Requests': '1', 'Twilio-Request-Id': 'RQ4f9e2113cfe03c12fd1a6b34dc0a6ba6', 'Twilio-Request-Duration': '0.036', 'X-Home-Region': 'us1', 'X-API-Domain': 'api.twilio.com', 'Strict-Transport-Security': 'max-age=31536000', 'Vary': 'Accept-Encoding, Origin', 'X-Cache': 'Miss from cloudfront', 'Via': '1.1 211fe35abbab9b1bc859d17d3778cc9e.cloudfront.net (CloudFront)', 'X-Amz-Cf-Pop': 'SIN2-P11', 'X-Amz-Cf-Id': 'wP7wWw687ZW4RXhOce5wtvn6tkIS9_fxZBmTntgaTBiUV96W5YacuA==', 'X-Powered-By': 'AT-5000', 'X-Shenanigans': 'none'}
INFO:twilio.http_client:-- BEGIN Twilio API Request --
INFO:twilio.http_client:POST Request: https://api.twilio.com/2010-04-01/Accounts/AC975df059b5a40096c9475d0bd1b0fcd3/Calls.json
INFO:twilio.http_client:Headers:
INFO:twilio.http_client:Content-Type : application/x-www-form-urlencoded
INFO:twilio.http_client:Accept : application/json
INFO:twilio.http_client:User-Agent : twilio-python/9.9.1 (Linux x86_64) Python/3.12.3
INFO:twilio.http_client:X-Twilio-Client : python-9.9.1
INFO:twilio.http_client:Accept-Charset : utf-8
INFO:twilio.http_client:-- END Twilio API Request --
INFO:twilio.http_client:Response Status Code: 201
INFO:twilio.http_client:Response Headers: {'Content-Type': 'application/json;charset=utf-8', 'Content-Length': '2011', 'Connection': 'keep-alive', 'Date': 'Thu, 22 Jan 2026 07:37:15 GMT', 'Location': 'https://call-service.us1.svc.twilio.com/v2/Accounts/CA25d5fa67ae4ca4118dd87c7c70cb4f52', 'Twilio-Concurrent-Requests': '1', 'Twilio-Request-Id': 'RQefb300636d5da6aadc169083f3863af3', 'Twilio-Request-Duration': '0.078', 'X-Home-Region': 'us1', 'X-API-Domain': 'api.twilio.com', 'Strict-Transport-Security': 'max-age=31536000', 'X-Cache': 'Miss from cloudfront', 'Via': '1.1 211fe35abbab9b1bc859d17d3778cc9e.cloudfront.net (CloudFront)', 'X-Amz-Cf-Pop': 'SIN2-P11', 'X-Amz-Cf-Id': 'E53NpxSSmc9KKzzy4Gv8Zx4fPXc6xoGoiBIL_H_zytD4VODRJ0Ikzw==', 'X-Powered-By': 'AT-5000', 'X-Shenanigans': 'none', 'Vary': 'Origin'}
Meeting Created: https://vc-sg.larksuite.com/j/459456196
Lark Card Error: 400 - {"code":230099,"msg":"Failed to create card content, ext=ErrCode: 100290; ErrMsg: there is an invalid user resource (at/person) in your card; ErrorValue: ou_05963212003884852c038f9730f0f37c; ","error":{"log_id":"20260122153714498531C86388234ADC53"}}
📞 Calling +639296694545
INFO:     52.77.167.223:0 - "POST /lark/webhook HTTP/1.0" 200 OK
INFO:     Shutting down
INFO:     Waiting for application shutdown.
INFO:     Application shutdown complete.
INFO:     Finished server process [39613]
INFO:     Started server process [39656]
INFO:     Waiting for application startup.
INFO:     Application startup complete.
INFO:     Uvicorn running on http://0.0.0.0:8000 (Press CTRL+C to quit)
INFO:root:Processing message: this is p0 in chat oc_f4e833c6744e55eb50dfcd8830fa913e
INFO:root:Meeting Created: https://vc-sg.larksuite.com/j/118738326
ERROR:root:LARK API ERROR: 400 - {"code":230099,"msg":"Failed to create card content, ext=ErrCode: 100290; ErrMsg: there is an invalid user resource (at/person) in your card; ErrorValue: ou_3327d7008630768c78b40889f81f1816; ","error":{"log_id":"2026012215374624D61C3FA25B454BD335"}}
INFO:twilio.http_client:-- BEGIN Twilio API Request --
INFO:twilio.http_client:GET Request: https://api.twilio.com/2010-04-01/Accounts/AC975df059b5a40096c9475d0bd1b0fcd3/OutgoingCallerIds.json
INFO:twilio.http_client:Headers:
INFO:twilio.http_client:Content-Type : application/x-www-form-urlencoded
INFO:twilio.http_client:Accept : application/json
INFO:twilio.http_client:User-Agent : twilio-python/9.9.1 (Linux x86_64) Python/3.12.3
INFO:twilio.http_client:X-Twilio-Client : python-9.9.1
INFO:twilio.http_client:Accept-Charset : utf-8
INFO:twilio.http_client:-- END Twilio API Request --
INFO:twilio.http_client:Response Status Code: 200
INFO:twilio.http_client:Response Headers: {'Content-Type': 'application/json;charset=utf-8', 'Content-Length': '329', 'Connection': 'keep-alive', 'Date': 'Thu, 22 Jan 2026 07:37:48 GMT', 'Content-Encoding': 'gzip', 'Twilio-Concurrent-Requests': '1', 'Twilio-Request-Id': 'RQ067fa64b9686d24877fc13cc7f2354fc', 'Twilio-Request-Duration': '0.036', 'X-Home-Region': 'us1', 'X-API-Domain': 'api.twilio.com', 'Strict-Transport-Security': 'max-age=31536000', 'Vary': 'Accept-Encoding, Origin', 'X-Cache': 'Miss from cloudfront', 'Via': '1.1 7d29e8165ee2913674bd023b92536f44.cloudfront.net (CloudFront)', 'X-Amz-Cf-Pop': 'SIN2-P11', 'X-Amz-Cf-Id': 'cfjOZiBsT3hPEoja8hDKMpnCkv3aL9Xo7BiRHt1hrbnP-boUIK5I2g==', 'X-Powered-By': 'AT-5000', 'X-Shenanigans': 'none'}
INFO:twilio.http_client:-- BEGIN Twilio API Request --
INFO:twilio.http_client:POST Request: https://api.twilio.com/2010-04-01/Accounts/AC975df059b5a40096c9475d0bd1b0fcd3/Calls.json
INFO:twilio.http_client:Headers:
INFO:twilio.http_client:Content-Type : application/x-www-form-urlencoded
INFO:twilio.http_client:Accept : application/json
INFO:twilio.http_client:User-Agent : twilio-python/9.9.1 (Linux x86_64) Python/3.12.3
INFO:twilio.http_client:X-Twilio-Client : python-9.9.1
INFO:twilio.http_client:Accept-Charset : utf-8
INFO:twilio.http_client:-- END Twilio API Request --
INFO:twilio.http_client:Response Status Code: 201
INFO:twilio.http_client:Response Headers: {'Content-Type': 'application/json;charset=utf-8', 'Content-Length': '2011', 'Connection': 'keep-alive', 'Date': 'Thu, 22 Jan 2026 07:37:48 GMT', 'Location': 'https://call-service.us1.svc.twilio.com/v2/Accounts/CA87cc591eebd6e20127ef8c2a376e671b', 'Twilio-Concurrent-Requests': '1', 'Twilio-Request-Id': 'RQfe4bf4dbeefb1c932db3991745104a07', 'Twilio-Request-Duration': '0.070', 'X-Home-Region': 'us1', 'X-API-Domain': 'api.twilio.com', 'Strict-Transport-Security': 'max-age=31536000', 'X-Cache': 'Miss from cloudfront', 'Via': '1.1 7d29e8165ee2913674bd023b92536f44.cloudfront.net (CloudFront)', 'X-Amz-Cf-Pop': 'SIN2-P11', 'X-Amz-Cf-Id': 'dV_0_U3al026mmJBTz94yOFs2yEODmDhyzmYW1tdu5EoqUoUNIlHzQ==', 'X-Powered-By': 'AT-5000', 'X-Shenanigans': 'none', 'Vary': 'Origin'}
📞 Calling +639296694545
INFO:     54.251.9.210:0 - "POST /lark/webhook HTTP/1.0" 200 OK
INFO:root:Processing message: this is p0 in chat oc_3ba68c30afab1613db2c6fd6276befc9
INFO:     54.251.9.210:0 - "POST /lark/webhook HTTP/1.0" 200 OK
INFO:     Shutting down
INFO:     Waiting for application shutdown.
INFO:     Application shutdown complete.
INFO:     Finished server process [39656]
INFO:     Started server process [39698]
INFO:     Waiting for application startup.
INFO:     Application startup complete.
INFO:     Uvicorn running on http://0.0.0.0:8000 (Press CTRL+C to quit)
INFO:root:Processing message: this is p0 in chat oc_f4e833c6744e55eb50dfcd8830fa913e
INFO:root:📩 Processing text: 'this is p0' in chat: oc_f4e833c6744e55eb50dfcd8830fa913e
INFO:root:🚨 P0 detected! Initiating emergency protocols...
INFO:root:Meeting Created: https://vc-sg.larksuite.com/j/320826459
ERROR:root:LARK API ERROR: 400 - {"code":230099,"msg":"Failed to create card content, ext=ErrCode: 100290; ErrMsg: there is an invalid user resource (at/person) in your card; ErrorValue: ou_05963212003884852c038f9730f0f37c; ","error":{"log_id":"20260122154036BC924CAB882324482A81"}}
INFO:root:✅ P0 Card and Meeting UI created.
INFO:twilio.http_client:-- BEGIN Twilio API Request --
INFO:twilio.http_client:GET Request: https://api.twilio.com/2010-04-01/Accounts/AC975df059b5a40096c9475d0bd1b0fcd3/OutgoingCallerIds.json
INFO:twilio.http_client:Headers:
INFO:twilio.http_client:Content-Type : application/x-www-form-urlencoded
INFO:twilio.http_client:Accept : application/json
INFO:twilio.http_client:User-Agent : twilio-python/9.9.1 (Linux x86_64) Python/3.12.3
INFO:twilio.http_client:X-Twilio-Client : python-9.9.1
INFO:twilio.http_client:Accept-Charset : utf-8
INFO:twilio.http_client:-- END Twilio API Request --
INFO:twilio.http_client:Response Status Code: 200
INFO:twilio.http_client:Response Headers: {'Content-Type': 'application/json;charset=utf-8', 'Content-Length': '329', 'Connection': 'keep-alive', 'Date': 'Thu, 22 Jan 2026 07:40:37 GMT', 'Content-Encoding': 'gzip', 'Twilio-Concurrent-Requests': '1', 'Twilio-Request-Id': 'RQcca48de76be082655de8c5c1f1fe4225', 'Twilio-Request-Duration': '0.046', 'X-Home-Region': 'us1', 'X-API-Domain': 'api.twilio.com', 'Strict-Transport-Security': 'max-age=31536000', 'Vary': 'Accept-Encoding, Origin', 'X-Cache': 'Miss from cloudfront', 'Via': '1.1 c4b03aecdcf96e06645f211bbe2eca94.cloudfront.net (CloudFront)', 'X-Amz-Cf-Pop': 'SIN2-P11', 'X-Amz-Cf-Id': 'FWI_COnEAJQ9fXMIg7RH_S6xnzfs1e_0pmQwTf9EBl8sK6EVNnX1ow==', 'X-Powered-By': 'AT-5000', 'X-Shenanigans': 'none'}
INFO:twilio.http_client:-- BEGIN Twilio API Request --
INFO:twilio.http_client:POST Request: https://api.twilio.com/2010-04-01/Accounts/AC975df059b5a40096c9475d0bd1b0fcd3/Calls.json
INFO:twilio.http_client:Headers:
INFO:twilio.http_client:Content-Type : application/x-www-form-urlencoded
INFO:twilio.http_client:Accept : application/json
INFO:twilio.http_client:User-Agent : twilio-python/9.9.1 (Linux x86_64) Python/3.12.3
INFO:twilio.http_client:X-Twilio-Client : python-9.9.1
INFO:twilio.http_client:Accept-Charset : utf-8
INFO:twilio.http_client:-- END Twilio API Request --
INFO:twilio.http_client:Response Status Code: 201
INFO:twilio.http_client:Response Headers: {'Content-Type': 'application/json;charset=utf-8', 'Content-Length': '2011', 'Connection': 'keep-alive', 'Date': 'Thu, 22 Jan 2026 07:40:37 GMT', 'Location': 'https://call-service.us1.svc.twilio.com/v2/Accounts/CA68e322f710eea71a8440756a136fd623', 'Twilio-Concurrent-Requests': '1', 'Twilio-Request-Id': 'RQ1335770a6f48f685297ced6f3f6dc5c5', 'Twilio-Request-Duration': '0.077', 'X-Home-Region': 'us1', 'X-API-Domain': 'api.twilio.com', 'Strict-Transport-Security': 'max-age=31536000', 'X-Cache': 'Miss from cloudfront', 'Via': '1.1 c4b03aecdcf96e06645f211bbe2eca94.cloudfront.net (CloudFront)', 'X-Amz-Cf-Pop': 'SIN2-P11', 'X-Amz-Cf-Id': 'tJbmfwrsbRf3bE-5E1bSs-82Maqd5LKVy_JC6vNH6CACn_mpjP13Lw==', 'X-Powered-By': 'AT-5000', 'X-Shenanigans': 'none', 'Vary': 'Origin'}
📞 Calling +639296694545
INFO:root:📞 Twilio trigger sent.
INFO:     54.251.9.210:0 - "POST /lark/webhook HTTP/1.0" 200 OK
INFO:     Shutting down
INFO:     Waiting for application shutdown.
INFO:     Application shutdown complete.
INFO:     Finished server process [39698]
INFO:     Started server process [39737]
INFO:     Waiting for application startup.
INFO:     Application startup complete.
INFO:     Uvicorn running on http://0.0.0.0:8000 (Press CTRL+C to quit)

📢 RECEIVED MESSAGE IN: oc_f4e833c6744e55eb50dfcd8830fa913e
🚨 P0 detected! Initiating emergency protocols...
2026-01-22 07:44:21,801 INFO: -- BEGIN Twilio API Request --
2026-01-22 07:44:21,801 INFO: GET Request: https://api.twilio.com/2010-04-01/Accounts/AC975df059b5a40096c9475d0bd1b0fcd3/OutgoingCallerIds.json
2026-01-22 07:44:21,801 INFO: Headers:
2026-01-22 07:44:21,801 INFO: Content-Type : application/x-www-form-urlencoded
2026-01-22 07:44:21,801 INFO: Accept : application/json
2026-01-22 07:44:21,801 INFO: User-Agent : twilio-python/9.9.1 (Linux x86_64) Python/3.12.3
2026-01-22 07:44:21,801 INFO: X-Twilio-Client : python-9.9.1
2026-01-22 07:44:21,801 INFO: Accept-Charset : utf-8
2026-01-22 07:44:21,801 INFO: -- END Twilio API Request --
2026-01-22 07:44:22,106 INFO: Response Status Code: 200
2026-01-22 07:44:22,106 INFO: Response Headers: {'Content-Type': 'application/json;charset=utf-8', 'Content-Length': '329', 'Connection': 'keep-alive', 'Date': 'Thu, 22 Jan 2026 07:44:21 GMT', 'Content-Encoding': 'gzip', 'Twilio-Concurrent-Requests': '1', 'Twilio-Request-Id': 'RQf84f232900c11d8cdf36c6b42f209b24', 'Twilio-Request-Duration': '0.038', 'X-Home-Region': 'us1', 'X-API-Domain': 'api.twilio.com', 'Strict-Transport-Security': 'max-age=31536000', 'Vary': 'Accept-Encoding, Origin', 'X-Cache': 'Miss from cloudfront', 'Via': '1.1 37df296942e9799685d22e45cbe1788e.cloudfront.net (CloudFront)', 'X-Amz-Cf-Pop': 'SIN2-P11', 'X-Amz-Cf-Id': 'M7T39JEKo0r_-FqiPim_Z29PVa2RJx7fIGu-VI1kldBvwZo9L4t74g==', 'X-Powered-By': 'AT-5000', 'X-Shenanigans': 'none'}
2026-01-22 07:44:22,106 INFO: -- BEGIN Twilio API Request --
2026-01-22 07:44:22,106 INFO: POST Request: https://api.twilio.com/2010-04-01/Accounts/AC975df059b5a40096c9475d0bd1b0fcd3/Calls.json
2026-01-22 07:44:22,107 INFO: Headers:
2026-01-22 07:44:22,107 INFO: Content-Type : application/x-www-form-urlencoded
2026-01-22 07:44:22,107 INFO: Accept : application/json
2026-01-22 07:44:22,107 INFO: User-Agent : twilio-python/9.9.1 (Linux x86_64) Python/3.12.3
2026-01-22 07:44:22,107 INFO: X-Twilio-Client : python-9.9.1
2026-01-22 07:44:22,107 INFO: Accept-Charset : utf-8
2026-01-22 07:44:22,107 INFO: -- END Twilio API Request --
2026-01-22 07:44:22,395 INFO: Response Status Code: 201
2026-01-22 07:44:22,396 INFO: Response Headers: {'Content-Type': 'application/json;charset=utf-8', 'Content-Length': '2011', 'Connection': 'keep-alive', 'Date': 'Thu, 22 Jan 2026 07:44:22 GMT', 'Location': 'https://call-service.us1.svc.twilio.com/v2/Accounts/CA1dd44b14f1d933faf19ab22082a270b3', 'Twilio-Concurrent-Requests': '1', 'Twilio-Request-Id': 'RQeadc481c2cfe786ece6daa3fa87ea123', 'Twilio-Request-Duration': '0.063', 'X-Home-Region': 'us1', 'X-API-Domain': 'api.twilio.com', 'Strict-Transport-Security': 'max-age=31536000', 'X-Cache': 'Miss from cloudfront', 'Via': '1.1 37df296942e9799685d22e45cbe1788e.cloudfront.net (CloudFront)', 'X-Amz-Cf-Pop': 'SIN2-P11', 'X-Amz-Cf-Id': '0aO0e45RMouhnwO-wakOsQGYXSzgcbGt0CLIL8lp7CiE8ATlBgsC8A==', 'X-Powered-By': 'AT-5000', 'X-Shenanigans': 'none', 'Vary': 'Origin'}
❌ VC Error: 'NoneType' object has no attribute 'vc'
📞 Calling +639296694545
INFO:     52.77.167.223:0 - "POST /lark/webhook HTTP/1.0" 200 OK
⚠️ duplicate message ignored: om_x100b58291bd09930e2f29d3bfb70f94
INFO:     52.77.167.223:0 - "POST /lark/webhook HTTP/1.0" 200 OK
INFO:     Shutting down
INFO:     Waiting for application shutdown.
INFO:     Application shutdown complete.
INFO:     Finished server process [39737]
INFO:     Started server process [39778]
INFO:     Waiting for application startup.
INFO:     Application startup complete.
INFO:     Uvicorn running on http://0.0.0.0:8000 (Press CTRL+C to quit)

📢 RECEIVED MESSAGE IN: oc_f4e833c6744e55eb50dfcd8830fa913e
🚨 P0 detected! Initiating emergency protocols...
2026-01-22 07:48:15,418 INFO: -- BEGIN Twilio API Request --
2026-01-22 07:48:15,418 INFO: GET Request: https://api.twilio.com/2010-04-01/Accounts/AC975df059b5a40096c9475d0bd1b0fcd3/OutgoingCallerIds.json
2026-01-22 07:48:15,418 INFO: Headers:
2026-01-22 07:48:15,418 INFO: Content-Type : application/x-www-form-urlencoded
2026-01-22 07:48:15,418 INFO: Accept : application/json
2026-01-22 07:48:15,418 INFO: User-Agent : twilio-python/9.9.1 (Linux x86_64) Python/3.12.3
2026-01-22 07:48:15,418 INFO: X-Twilio-Client : python-9.9.1
2026-01-22 07:48:15,418 INFO: Accept-Charset : utf-8
2026-01-22 07:48:15,418 INFO: -- END Twilio API Request --
2026-01-22 07:48:15,734 INFO: Response Status Code: 200
2026-01-22 07:48:15,734 INFO: Response Headers: {'Content-Type': 'application/json;charset=utf-8', 'Content-Length': '329', 'Connection': 'keep-alive', 'Date': 'Thu, 22 Jan 2026 07:48:15 GMT', 'Content-Encoding': 'gzip', 'Twilio-Concurrent-Requests': '1', 'Twilio-Request-Id': 'RQ0d11c6ef1e72bc8bbcd39ecc89a27fa3', 'Twilio-Request-Duration': '0.054', 'X-Home-Region': 'us1', 'X-API-Domain': 'api.twilio.com', 'Strict-Transport-Security': 'max-age=31536000', 'Vary': 'Accept-Encoding, Origin', 'X-Cache': 'Miss from cloudfront', 'Via': '1.1 cc7f70842168219520f16ee8b2b7968e.cloudfront.net (CloudFront)', 'X-Amz-Cf-Pop': 'SIN2-P11', 'X-Amz-Cf-Id': 'Qi96pRYFyFvNuE4_otEiLUbYHSYsmdlOO2Lq4iy26oPseejKLBBLKQ==', 'X-Powered-By': 'AT-5000', 'X-Shenanigans': 'none'}
2026-01-22 07:48:15,734 INFO: -- BEGIN Twilio API Request --
2026-01-22 07:48:15,734 INFO: POST Request: https://api.twilio.com/2010-04-01/Accounts/AC975df059b5a40096c9475d0bd1b0fcd3/Calls.json
2026-01-22 07:48:15,734 INFO: Headers:
2026-01-22 07:48:15,734 INFO: Content-Type : application/x-www-form-urlencoded
2026-01-22 07:48:15,734 INFO: Accept : application/json
2026-01-22 07:48:15,734 INFO: User-Agent : twilio-python/9.9.1 (Linux x86_64) Python/3.12.3
2026-01-22 07:48:15,734 INFO: X-Twilio-Client : python-9.9.1
2026-01-22 07:48:15,734 INFO: Accept-Charset : utf-8
2026-01-22 07:48:15,734 INFO: -- END Twilio API Request --
2026-01-22 07:48:16,051 INFO: Response Status Code: 201
2026-01-22 07:48:16,051 INFO: Response Headers: {'Content-Type': 'application/json;charset=utf-8', 'Content-Length': '2011', 'Connection': 'keep-alive', 'Date': 'Thu, 22 Jan 2026 07:48:15 GMT', 'Location': 'https://call-service.us1.svc.twilio.com/v2/Accounts/CAb72ad92039a8f912caf673eef1bc4253', 'Twilio-Concurrent-Requests': '1', 'Twilio-Request-Id': 'RQ81eeffa83f9c20d918fc9e7eb0f014c3', 'Twilio-Request-Duration': '0.087', 'X-Home-Region': 'us1', 'X-API-Domain': 'api.twilio.com', 'Strict-Transport-Security': 'max-age=31536000', 'X-Cache': 'Miss from cloudfront', 'Via': '1.1 cc7f70842168219520f16ee8b2b7968e.cloudfront.net (CloudFront)', 'X-Amz-Cf-Pop': 'SIN2-P11', 'X-Amz-Cf-Id': 'feKa3POt8QVWc0dDLxqQnxy5bbIITaEmRh67TOFJ_uYE_9XNNhJuAw==', 'X-Powered-By': 'AT-5000', 'X-Shenanigans': 'none', 'Vary': 'Origin'}
📞 Calling +639296694545
INFO:     52.77.167.223:0 - "POST /lark/webhook HTTP/1.0" 200 OK
INFO:     Shutting down
INFO:     Waiting for application shutdown.
INFO:     Application shutdown complete.
INFO:     Finished server process [39778]
INFO:     Started server process [39840]
INFO:     Waiting for application startup.
INFO:     Application startup complete.
INFO:     Uvicorn running on http://0.0.0.0:8000 (Press CTRL+C to quit)

📢 RECEIVED MESSAGE IN: oc_f4e833c6744e55eb50dfcd8830fa913e
🚨 P0 detected! Initiating emergency protocols...
2026-01-22 07:58:45,066 INFO: -- BEGIN Twilio API Request --
2026-01-22 07:58:45,067 INFO: GET Request: https://api.twilio.com/2010-04-01/Accounts/AC975df059b5a40096c9475d0bd1b0fcd3/OutgoingCallerIds.json
2026-01-22 07:58:45,067 INFO: Headers:
2026-01-22 07:58:45,067 INFO: Content-Type : application/x-www-form-urlencoded
2026-01-22 07:58:45,067 INFO: Accept : application/json
2026-01-22 07:58:45,067 INFO: User-Agent : twilio-python/9.9.1 (Linux x86_64) Python/3.12.3
2026-01-22 07:58:45,067 INFO: X-Twilio-Client : python-9.9.1
2026-01-22 07:58:45,067 INFO: Accept-Charset : utf-8
2026-01-22 07:58:45,067 INFO: -- END Twilio API Request --
2026-01-22 07:58:45,380 INFO: Response Status Code: 200
2026-01-22 07:58:45,380 INFO: Response Headers: {'Content-Type': 'application/json;charset=utf-8', 'Content-Length': '329', 'Connection': 'keep-alive', 'Date': 'Thu, 22 Jan 2026 07:58:45 GMT', 'Content-Encoding': 'gzip', 'Twilio-Concurrent-Requests': '1', 'Twilio-Request-Id': 'RQf8923fc8347cd196a0ea6fc8ab943ae2', 'Twilio-Request-Duration': '0.047', 'X-Home-Region': 'us1', 'X-API-Domain': 'api.twilio.com', 'Strict-Transport-Security': 'max-age=31536000', 'Vary': 'Accept-Encoding, Origin', 'X-Cache': 'Miss from cloudfront', 'Via': '1.1 09499f93dd1d3a823c2f905583dfe6f8.cloudfront.net (CloudFront)', 'X-Amz-Cf-Pop': 'SIN2-P11', 'X-Amz-Cf-Id': 'YeGV6-uO74-Iqie6lzedn_IfSrgD6yyHvQVKGp0jD4YaQ-yes_M7Pw==', 'X-Powered-By': 'AT-5000', 'X-Shenanigans': 'none'}
2026-01-22 07:58:45,380 INFO: -- BEGIN Twilio API Request --
2026-01-22 07:58:45,380 INFO: POST Request: https://api.twilio.com/2010-04-01/Accounts/AC975df059b5a40096c9475d0bd1b0fcd3/Calls.json
2026-01-22 07:58:45,380 INFO: Headers:
2026-01-22 07:58:45,380 INFO: Content-Type : application/x-www-form-urlencoded
2026-01-22 07:58:45,380 INFO: Accept : application/json
2026-01-22 07:58:45,380 INFO: User-Agent : twilio-python/9.9.1 (Linux x86_64) Python/3.12.3
2026-01-22 07:58:45,380 INFO: X-Twilio-Client : python-9.9.1
2026-01-22 07:58:45,380 INFO: Accept-Charset : utf-8
2026-01-22 07:58:45,380 INFO: -- END Twilio API Request --
2026-01-22 07:58:45,692 INFO: Response Status Code: 201
2026-01-22 07:58:45,693 INFO: Response Headers: {'Content-Type': 'application/json;charset=utf-8', 'Content-Length': '2011', 'Connection': 'keep-alive', 'Date': 'Thu, 22 Jan 2026 07:58:45 GMT', 'Location': 'https://call-service.us1.svc.twilio.com/v2/Accounts/CA9bcc7573fceec7f14ff8eb7669495e89', 'Twilio-Concurrent-Requests': '1', 'Twilio-Request-Id': 'RQ940a5744eb03ba5a122f765b4cf3a0f2', 'Twilio-Request-Duration': '0.084', 'X-Home-Region': 'us1', 'X-API-Domain': 'api.twilio.com', 'Strict-Transport-Security': 'max-age=31536000', 'X-Cache': 'Miss from cloudfront', 'Via': '1.1 09499f93dd1d3a823c2f905583dfe6f8.cloudfront.net (CloudFront)', 'X-Amz-Cf-Pop': 'SIN2-P11', 'X-Amz-Cf-Id': 'I48hluMd1T5gI-4VgZosVHcP-xHnZUrtb4fEfu1hr1rfpVKP_oLP2A==', 'X-Powered-By': 'AT-5000', 'X-Shenanigans': 'none', 'Vary': 'Origin'}
📞 Calling +639296694545
INFO:     52.77.167.223:0 - "POST /lark/webhook HTTP/1.0" 200 OK
⚠️ duplicate message ignored: om_x100b5829c42afca8e2bad2f3c2b0561
INFO:     52.77.167.223:0 - "POST /lark/webhook HTTP/1.0" 200 OK
INFO:     Shutting down
INFO:     Waiting for application shutdown.
INFO:     Application shutdown complete.
INFO:     Finished server process [39840]
